<?xml version="1.0" encoding="UTF-8"?>
<!-- Generated by org.testng.reporters.JUnitReportReporter -->
<testsuite hostname="DESKTOP-TF4DP7M" failures="0" tests="2" name="TestingPractisecompany.Tests.StandAloneTest2" time="35.492" errors="0" timestamp="2024-01-15T15:03:21 IST" skipped="0">
  <testcase classname="TestingPractisecompany.Tests.StandAloneTest2" name="submitTest" time="26.137"/>
  <testcase classname="TestingPractisecompany.Tests.StandAloneTest2" name="odersDisplay" time="9.355"/>
</testsuite> <!-- TestingPractisecompany.Tests.StandAloneTest2 -->
