<?xml version="1.0" encoding="UTF-8"?>
<!-- Generated by org.testng.reporters.JUnitReportReporter -->
<testsuite hostname="DESKTOP-TF4DP7M" failures="0" tests="1" name="cucumbers.TestNgRunner" time="14.066" errors="0" timestamp="2024-02-21T11:20:44 IST" skipped="0">
  <testcase classname="cucumbers.TestNgRunner" name="runScenario" time="14.066"/>
</testsuite> <!-- cucumbers.TestNgRunner -->
